1662896158967	geckodriver	INFO	Listening on 127.0.0.1:55397
1662896162002	mozrunner::runner	INFO	Running command: "C:\\Program Files\\Mozilla Firefox\\firefox.exe" "--marionette" "user-agent=Mozilla/5.0 (Macintosh; Intel Mac OS X 10_7_4) AppleWebKit/537.13 (KHTML, like Gecko) Chrome/24.0.1290.1 Safari/537.13" "--disable-blink-features=AutomationControlled" "--headless" "--remote-debugging-port" "55398" "--remote-allow-hosts" "localhost" "-no-remote" "-profile" "C:\\Users\\CD86~1\\AppData\\Local\\Temp\\rust_mozprofileuA0DFg"
*** You are running in headless mode.
1662896162800	Marionette	INFO	Marionette enabled
1662896162811	Marionette	INFO	Listening on port 55407
WebDriver BiDi listening on ws://localhost:55398
Read port: 55407
1662896162944	RemoteAgent	WARN	TLS certificate errors will be ignored for this session
[GFX1-]: RenderCompositorSWGL failed mapping default framebuffer, no dt
console.warn: SearchSettings: "get: No settings file exists, new profile?" (new NotFoundError("Could not open the file at C:\\Users\\CD86~1\\AppData\\Local\\Temp\\rust_mozprofileuA0DFg\\search.json.mozlz4", (void 0)))
DevTools listening on ws://localhost:55398/devtools/browser/4e9aa76b-8987-4d34-971a-98f3a6c8f6ba
JavaScript error: https://code.highcharts.com/highcharts-more.js, line 9: TypeError: p is undefined
console.warn: LoginRecipes: "Falling back to a synchronous message for: https://dnevnik2.petersburgedu.ru."
console.warn: LoginRecipes: "Falling back to a synchronous message for: https://esia.gosuslugi.ru."
JavaScript warning: https://af.gosuslugi.ru/sb.js, line 1: WEBGL_debug_renderer_info is deprecated in Firefox and will be removed. Please use RENDERER.
JavaScript warning: https://af.gosuslugi.ru/sb.js, line 1: WEBGL_debug_renderer_info is deprecated in Firefox and will be removed. Please use RENDERER.
JavaScript warning: https://af.gosuslugi.ru/sb.js, line 1: WEBGL_debug_renderer_info is deprecated in Firefox and will be removed. Please use RENDERER.
console.warn: LoginRecipes: "Falling back to a synchronous message for: https://esia.gosuslugi.ru."
console.warn: LoginRecipes: "Falling back to a synchronous message for: https://esia.gosuslugi.ru."
JavaScript error: https://code.highcharts.com/highcharts-more.js, line 9: TypeError: p is undefined
JavaScript error: https://code.highcharts.com/highcharts-more.js, line 9: TypeError: p is undefined
JavaScript error: https://code.highcharts.com/highcharts-more.js, line 9: TypeError: p is undefined
JavaScript error: https://code.highcharts.com/highcharts-more.js, line 9: TypeError: p is undefined
